#
# A fatal error has been detected by the Java Runtime Environment:
#
#  SIGSEGV (0xb) at pc=0x0000000000000000, pid=140077, tid=140084
#
# JRE version:  (17.0.9) (build )
# Java VM: OpenJDK 64-Bit Server VM (17.0.9+0-17.0.9b1087.7-11185874, mixed mode, tiered, compressed oops, compressed class ptrs, g1 gc, linux-amd64)
# Problematic frame:
# C  [libjimage.so+0xc295]  ZipDecompressor::decompress_resource(unsigned char*, unsigned char*, ResourceHeader*, ImageStrings const*)+0x25
#
# Core dump will be written. Default location: Core dumps may be processed with "/usr/lib/systemd/systemd-coredump %P %u %g %s %t %c %h" (or dumping to /home/prezes/Code/PHP/kebapp.php/core.140077)
#
#

---------------  S U M M A R Y ------------

Command Line: -Dapp.name=ltex-ls -Dapp.pid=140077 -Dapp.repo=/home/prezes/.local/share/nvim/mason/packages/ltex-ls/ltex-ls-16.0.0/lib -Dapp.home=/home/prezes/.local/share/nvim/mason/packages/ltex-ls/ltex-ls-16.0.0 -Dbasedir=/home/prezes/.local/share/nvim/mason/packages/ltex-ls/ltex-ls-16.0.0 org.bsplines.ltexls.LtexLanguageServerLauncher

Host: AMD Ryzen 7 5800H with Radeon Graphics, 16 cores, 15G, Arch Linux
Time: Tue Oct  8 20:11:00 2024 CEST elapsed time: 0.011136 seconds (0d 0h 0m 0s)

---------------  T H R E A D  ---------------

Current thread (0x000076210402a970):  JavaThread "Unknown thread" [_thread_in_vm, id=140084, stack(0x000076210aa11000,0x000076210ab11000)]

Stack: [0x000076210aa11000,0x000076210ab11000],  sp=0x000076210ab0f470,  free space=1017k
Native frames: (J=compiled Java code, j=interpreted, Vv=VM code, C=native code)
C  [libjimage.so+0xc295]  ZipDecompressor::decompress_resource(unsigned char*, unsigned char*, ResourceHeader*, ImageStrings const*)+0x25
C  [libjimage.so+0xc223]  ImageDecompressor::decompress_resource(unsigned char*, unsigned char*, unsigned long long, ImageStrings const*, Endian*)+0x143
C  [libjimage.so+0xd7e5]  ImageFileReader::get_resource(ImageLocation&, unsigned char*) const+0xa5
C  [libjimage.so+0xe61d]  ImageFileReader::get_resource(unsigned int, unsigned char*) const+0x12d
C  [libjimage.so+0xe80e]  JIMAGE_GetResource+0xe
V  [libjvm.so+0x8025b9]  ClassPathImageEntry::open_stream_for_loader(JavaThread*, char const*, ClassLoaderData*)+0xd9
V  [libjvm.so+0x805ae1]  ClassLoader::load_class(Symbol*, bool, JavaThread*)+0x111
V  [libjvm.so+0xfcc94c]  SystemDictionary::load_instance_class_impl(Symbol*, Handle, JavaThread*)+0x3bc
V  [libjvm.so+0xfcb175]  SystemDictionary::load_instance_class(unsigned int, Symbol*, Handle, JavaThread*)+0x25
V  [libjvm.so+0xfca900]  SystemDictionary::resolve_instance_class_or_null(Symbol*, Handle, Handle, JavaThread*)+0x590
V  [libjvm.so+0xfc9d94]  SystemDictionary::resolve_or_fail(Symbol*, Handle, Handle, bool, JavaThread*)+0x64
V  [libjvm.so+0x1077301]  vmClasses::resolve_all(JavaThread*)+0x111
V  [libjvm.so+0xfcd6c4]  SystemDictionary::initialize(JavaThread*)+0x114
V  [libjvm.so+0x103b557]  Universe::genesis(JavaThread*)+0xa7
V  [libjvm.so+0x103db1b]  universe2_init()+0x1b
V  [libjvm.so+0xa21d85]  init_globals()+0x65
V  [libjvm.so+0x10139a2]  Threads::create_vm(JavaVMInitArgs*, bool*)+0x2b2
V  [libjvm.so+0xae3747]  JNI_CreateJavaVM+0x57
C  [libjli.so+0x10cb3]  JavaMain+0x113
C  [libjli.so+0x136e9]  ThreadJavaMain+0x9
C  [libc.so.6+0x9439d]


siginfo: si_signo: 11 (SIGSEGV), si_code: 1 (SEGV_MAPERR), si_addr: 0x0000000000000000

Registers:
RAX=0x000076210bea1410, RBX=0x0000762104194a20, RCX=0x0000000000000767, RDX=0x0000762104194a20
RSP=0x000076210ab0f468, RBP=0x000076210ab0f480, RSI=0x0000000000000411, RDI=0x0000762100c613e7
R8 =0x000076210ab0f478, R9 =0x0000000000000001, R10=0x0000000000000000, R11=0x000076210c019bd0
R12=0x0000762104197b70, R13=0x0000762100ad7aca, R14=0x000076210ab0f530, R15=0x0000762104197b50
RIP=0x0000000000000000, EFLAGS=0x0000000000010202, CSGSFS=0x002b000000000033, ERR=0x0000000000000014
  TRAPNO=0x000000000000000e


Top of Stack: (sp=0x000076210ab0f468)
0x000076210ab0f468:   000076210be8d295 0000000000000000
0x000076210ab0f478:   0000000000000000 000076210ab0f520
0x000076210ab0f488:   000076210be8d223 0000000000000001
0x000076210ab0f498:   00000000cafefafa 0000000000000411
0x000076210ab0f4a8:   0000000000000767 ffffffff00000007
0x000076210ab0f4b8:   000076210402a901 0000762100c613ca
0x000076210ab0f4c8:   0000762104194a20 0000762100c613e7
0x000076210ab0f4d8:   000076210ab0f530 0000762100c613ca
0x000076210ab0f4e8:   0000000000000767 00007621040312d0
0x000076210ab0f4f8:   0000762104015060 0000762100c613ca
0x000076210ab0f508:   00000000000f14d0 0000762100ad7ac3
0x000076210ab0f518:   0000000000000767 000076210ab0f570
0x000076210ab0f528:   000076210be8e7e5 0000762100ad7ac3
0x000076210ab0f538:   0000762100098437 00007621040312d0
0x000076210ab0f548:   0000000000000767 0000000000000000
0x000076210ab0f558:   0000000000004dae 00007621040312d0
0x000076210ab0f568:   000076210403b070 000076210ab0f5c0
0x000076210ab0f578:   000076210be8f61d 0000000000000000
0x000076210ab0f588:   000000000000000b 0000000000002b8c
0x000076210ab0f598:   000000000000343d 0000000000000001
0x000076210ab0f5a8:   00000000000f14d0 000000000000042e
0x000076210ab0f5b8:   0000000000000767 000076210ab0f5e0
0x000076210ab0f5c8:   000076210be8f80e 0000762104015060
0x000076210ab0f5d8:   000076210be8f800 000076210ab0f660
0x000076210ab0f5e8:   000076210b4025b9 000076210be68984
0x000076210ab0f5f8:   0000762104194990 000000000000008b
0x000076210ab0f608:   000076210ba9bf61 00007621080150c0
0x000076210ab0f618:   000076210402a970 0000000000000000
0x000076210ab0f628:   000076210402a970 0000000000000767
0x000076210ab0f638:   0000000000000000 0000000000000010
0x000076210ab0f648:   0000000000000000 000076210402afc0
0x000076210ab0f658:   000076210402afa0 000076210ab0f950 

Instructions: (pc=0x000076210be8d295)
0x000076210be8d195:   fa fa fe ca 0f 85 a5 00 00 00 48 89 5d a0 48 8d
0x000076210be8d1a5:   43 1d 48 89 45 b0 e8 c0 2c 01 00 48 89 45 a8 4d
0x000076210be8d1b5:   03 2e e8 94 fd ff ff 44 8b 35 45 67 01 00 45 85
0x000076210be8d1c5:   f6 7e 36 4c 8b 3d 41 67 01 00 31 db 66 2e 0f 1f
0x000076210be8d1d5:   84 00 00 00 00 00 0f 1f 44 00 00 4d 8b 24 df 49
0x000076210be8d1e5:   8b 7c 24 08 4c 89 ee e8 af 2c 01 00 85 c0 74 0c
0x000076210be8d1f5:   48 83 c3 01 49 39 de 75 e2 45 31 e4 49 8b 04 24
0x000076210be8d205:   4c 89 e7 48 8b 75 b0 48 8b 5d a8 48 89 da 48 8d
0x000076210be8d215:   8d 78 ff ff ff 4c 8b 75 b8 4d 89 f0 ff 10 48 8b
0x000076210be8d225:   7d a0 48 3b 7d c0 0f 84 df fe ff ff 48 85 ff 0f
0x000076210be8d235:   84 d6 fe ff ff e8 51 2c 01 00 e9 cc fe ff ff 48
0x000076210be8d245:   8b 7d d0 48 89 de 48 8b 55 c8 e8 5c 2c 01 00 48
0x000076210be8d255:   85 db 74 08 48 89 df e8 2f 2c 01 00 48 83 c4 68
0x000076210be8d265:   5b 41 5c 41 5d 41 5e 41 5f 5d c3 55 48 89 e5 48
0x000076210be8d275:   83 ec 10 48 89 f7 48 c7 45 f8 00 00 00 00 48 8b
0x000076210be8d285:   71 08 48 8b 49 10 4c 8d 45 f8 ff 15 83 66 01 00
0x000076210be8d295:   48 83 c4 10 5d c3 0f 1f 44 00 00 55 48 89 e5 48
0x000076210be8d2a5:   8b 05 6d 66 01 00 5d ff e0 66 90 55 48 89 e5 41
0x000076210be8d2b5:   57 41 56 41 55 41 54 53 48 83 ec 78 4d 89 c4 48
0x000076210be8d2c5:   89 4d 98 49 89 d7 48 89 f3 0f b7 46 08 66 89 42
0x000076210be8d2d5:   08 48 8b 06 48 89 02 48 8d 7e 08 4c 8d 6a 0a e8
0x000076210be8d2e5:   37 fc ff ff 48 89 d9 48 89 5d a0 4c 8d 73 0a 66
0x000076210be8d2f5:   83 f8 02 4c 89 7d 90 0f 82 12 0c 00 00 0f b7 c0
0x000076210be8d305:   89 45 bc bf 01 00 00 00 66 45 0f ef c9 66 45 0f
0x000076210be8d315:   76 d2 66 44 0f 6f 1d 80 91 ff ff 66 44 0f 6f 25
0x000076210be8d325:   67 91 ff ff 66 44 0f 6f 2d 8e 91 ff ff 4c 89 65
0x000076210be8d335:   d0 4d 89 ec eb 47 48 03 75 88 49 89 f6 0f b7 f3
0x000076210be8d345:   48 8b 7d 80 e8 e2 fb ff ff 8b 7d cc 66 45 0f ef
0x000076210be8d355:   c9 66 45 0f 76 d2 66 44 0f 6f 1d 3c 91 ff ff 66
0x000076210be8d365:   44 0f 6f 25 23 91 ff ff 66 44 0f 6f 2d 4a 91 ff
0x000076210be8d375:   ff 83 c7 01 3b 7d bc 0f 8d 95 0b 00 00 41 8a 06
0x000076210be8d385:   49 8d 76 01 8d 48 ff 80 f9 18 77 16 0f b6 c9 48 



---------------  P R O C E S S  ---------------

Threads class SMR info:
_java_thread_list=0x000076210be48df8, length=0, elements={
}

Java Threads: ( => current thread )

Other Threads:
  0x0000762104094390 GCTaskThread "GC Thread#0" [stack: 0x00007621082b4000,0x00007621083b4000] [id=140087]
  0x00007621040a4a50 ConcurrentGCThread "G1 Main Marker" [stack: 0x00007621081b3000,0x00007621082b3000] [id=140088]
  0x00007621040a59c0 ConcurrentGCThread "G1 Conc#0" [stack: 0x00007621080b2000,0x00007621081b2000] [id=140089]
  0x000076210416ba40 ConcurrentGCThread "G1 Refine#0" [stack: 0x00007620db3f5000,0x00007620db4f5000] [id=140091]
  0x000076210416c940 ConcurrentGCThread "G1 Service" [stack: 0x00007620db2f4000,0x00007620db3f4000] [id=140092]

=>0x000076210402a970 (exited) JavaThread "Unknown thread" [_thread_in_vm, id=140084, stack(0x000076210aa11000,0x000076210ab11000)]

Threads with active compile tasks:

VM state: not at safepoint (not fully initialized)

VM Mutex/Monitor currently owned by a thread: None

Heap address: 0x000000070f600000, size: 3850 MB, Compressed Oops mode: Zero based, Oop shift amount: 3

CDS archive(s) not mapped
Compressed class space mapped at: 0x0000000800000000-0x0000000840000000, reserved size: 1073741824
Narrow klass base: 0x0000000800000000, Narrow klass shift: 0, Narrow klass range: 0x40000000

GC Precious Log:
 CPUs: 16 total, 16 available
 Memory: 15392M
 Large Page Support: Disabled
 NUMA Support: Disabled
 Compressed Oops: Enabled (Zero based)
 Heap Region Size: 2M
 Heap Min Capacity: 8M
 Heap Initial Capacity: 242M
 Heap Max Capacity: 3850M
 Pre-touch: Disabled
 Parallel Workers: 13
 Concurrent Workers: 3
 Concurrent Refinement Workers: 13
 Periodic GC: Disabled

Heap:
 garbage-first heap   total 247808K, used 0K [0x000000070f600000, 0x0000000800000000)
  region size 2048K, 0 young (0K), 0 survivors (0K)
 Metaspace       used 4K, committed 128K, reserved 1114112K
  class space    used 4K, committed 64K, reserved 1048576K

Heap Regions: E=young(eden), S=young(survivor), O=old, HS=humongous(starts), HC=humongous(continues), CS=collection set, F=free, OA=open archive, CA=closed archive, TAMS=top-at-mark-start (previous, next)
|   0|0x000000070f600000, 0x000000070f600000, 0x000000070f800000|  0%| F|  |TAMS 0x000000070f600000, 0x000000070f600000| Untracked 
|   1|0x000000070f800000, 0x000000070f800000, 0x000000070fa00000|  0%| F|  |TAMS 0x000000070f800000, 0x000000070f800000| Untracked 
|   2|0x000000070fa00000, 0x000000070fa00000, 0x000000070fc00000|  0%| F|  |TAMS 0x000000070fa00000, 0x000000070fa00000| Untracked 
|   3|0x000000070fc00000, 0x000000070fc00000, 0x000000070fe00000|  0%| F|  |TAMS 0x000000070fc00000, 0x000000070fc00000| Untracked 
|   4|0x000000070fe00000, 0x000000070fe00000, 0x0000000710000000|  0%| F|  |TAMS 0x000000070fe00000, 0x000000070fe00000| Untracked 
|   5|0x0000000710000000, 0x0000000710000000, 0x0000000710200000|  0%| F|  |TAMS 0x0000000710000000, 0x0000000710000000| Untracked 
|   6|0x0000000710200000, 0x0000000710200000, 0x0000000710400000|  0%| F|  |TAMS 0x0000000710200000, 0x0000000710200000| Untracked 
|   7|0x0000000710400000, 0x0000000710400000, 0x0000000710600000|  0%| F|  |TAMS 0x0000000710400000, 0x0000000710400000| Untracked 
|   8|0x0000000710600000, 0x0000000710600000, 0x0000000710800000|  0%| F|  |TAMS 0x0000000710600000, 0x0000000710600000| Untracked 
|   9|0x0000000710800000, 0x0000000710800000, 0x0000000710a00000|  0%| F|  |TAMS 0x0000000710800000, 0x0000000710800000| Untracked 
|  10|0x0000000710a00000, 0x0000000710a00000, 0x0000000710c00000|  0%| F|  |TAMS 0x0000000710a00000, 0x0000000710a00000| Untracked 
|  11|0x0000000710c00000, 0x0000000710c00000, 0x0000000710e00000|  0%| F|  |TAMS 0x0000000710c00000, 0x0000000710c00000| Untracked 
|  12|0x0000000710e00000, 0x0000000710e00000, 0x0000000711000000|  0%| F|  |TAMS 0x0000000710e00000, 0x0000000710e00000| Untracked 
|  13|0x0000000711000000, 0x0000000711000000, 0x0000000711200000|  0%| F|  |TAMS 0x0000000711000000, 0x0000000711000000| Untracked 
|  14|0x0000000711200000, 0x0000000711200000, 0x0000000711400000|  0%| F|  |TAMS 0x0000000711200000, 0x0000000711200000| Untracked 
|  15|0x0000000711400000, 0x0000000711400000, 0x0000000711600000|  0%| F|  |TAMS 0x0000000711400000, 0x0000000711400000| Untracked 
|  16|0x0000000711600000, 0x0000000711600000, 0x0000000711800000|  0%| F|  |TAMS 0x0000000711600000, 0x0000000711600000| Untracked 
|  17|0x0000000711800000, 0x0000000711800000, 0x0000000711a00000|  0%| F|  |TAMS 0x0000000711800000, 0x0000000711800000| Untracked 
|  18|0x0000000711a00000, 0x0000000711a00000, 0x0000000711c00000|  0%| F|  |TAMS 0x0000000711a00000, 0x0000000711a00000| Untracked 
|  19|0x0000000711c00000, 0x0000000711c00000, 0x0000000711e00000|  0%| F|  |TAMS 0x0000000711c00000, 0x0000000711c00000| Untracked 
|  20|0x0000000711e00000, 0x0000000711e00000, 0x0000000712000000|  0%| F|  |TAMS 0x0000000711e00000, 0x0000000711e00000| Untracked 
|  21|0x0000000712000000, 0x0000000712000000, 0x0000000712200000|  0%| F|  |TAMS 0x0000000712000000, 0x0000000712000000| Untracked 
|  22|0x0000000712200000, 0x0000000712200000, 0x0000000712400000|  0%| F|  |TAMS 0x0000000712200000, 0x0000000712200000| Untracked 
|  23|0x0000000712400000, 0x0000000712400000, 0x0000000712600000|  0%| F|  |TAMS 0x0000000712400000, 0x0000000712400000| Untracked 
|  24|0x0000000712600000, 0x0000000712600000, 0x0000000712800000|  0%| F|  |TAMS 0x0000000712600000, 0x0000000712600000| Untracked 
|  25|0x0000000712800000, 0x0000000712800000, 0x0000000712a00000|  0%| F|  |TAMS 0x0000000712800000, 0x0000000712800000| Untracked 
|  26|0x0000000712a00000, 0x0000000712a00000, 0x0000000712c00000|  0%| F|  |TAMS 0x0000000712a00000, 0x0000000712a00000| Untracked 
|  27|0x0000000712c00000, 0x0000000712c00000, 0x0000000712e00000|  0%| F|  |TAMS 0x0000000712c00000, 0x0000000712c00000| Untracked 
|  28|0x0000000712e00000, 0x0000000712e00000, 0x0000000713000000|  0%| F|  |TAMS 0x0000000712e00000, 0x0000000712e00000| Untracked 
|  29|0x0000000713000000, 0x0000000713000000, 0x0000000713200000|  0%| F|  |TAMS 0x0000000713000000, 0x0000000713000000| Untracked 
|  30|0x0000000713200000, 0x0000000713200000, 0x0000000713400000|  0%| F|  |TAMS 0x0000000713200000, 0x0000000713200000| Untracked 
|  31|0x0000000713400000, 0x0000000713400000, 0x0000000713600000|  0%| F|  |TAMS 0x0000000713400000, 0x0000000713400000| Untracked 
|  32|0x0000000713600000, 0x0000000713600000, 0x0000000713800000|  0%| F|  |TAMS 0x0000000713600000, 0x0000000713600000| Untracked 
|  33|0x0000000713800000, 0x0000000713800000, 0x0000000713a00000|  0%| F|  |TAMS 0x0000000713800000, 0x0000000713800000| Untracked 
|  34|0x0000000713a00000, 0x0000000713a00000, 0x0000000713c00000|  0%| F|  |TAMS 0x0000000713a00000, 0x0000000713a00000| Untracked 
|  35|0x0000000713c00000, 0x0000000713c00000, 0x0000000713e00000|  0%| F|  |TAMS 0x0000000713c00000, 0x0000000713c00000| Untracked 
|  36|0x0000000713e00000, 0x0000000713e00000, 0x0000000714000000|  0%| F|  |TAMS 0x0000000713e00000, 0x0000000713e00000| Untracked 
|  37|0x0000000714000000, 0x0000000714000000, 0x0000000714200000|  0%| F|  |TAMS 0x0000000714000000, 0x0000000714000000| Untracked 
|  38|0x0000000714200000, 0x0000000714200000, 0x0000000714400000|  0%| F|  |TAMS 0x0000000714200000, 0x0000000714200000| Untracked 
|  39|0x0000000714400000, 0x0000000714400000, 0x0000000714600000|  0%| F|  |TAMS 0x0000000714400000, 0x0000000714400000| Untracked 
|  40|0x0000000714600000, 0x0000000714600000, 0x0000000714800000|  0%| F|  |TAMS 0x0000000714600000, 0x0000000714600000| Untracked 
|  41|0x0000000714800000, 0x0000000714800000, 0x0000000714a00000|  0%| F|  |TAMS 0x0000000714800000, 0x0000000714800000| Untracked 
|  42|0x0000000714a00000, 0x0000000714a00000, 0x0000000714c00000|  0%| F|  |TAMS 0x0000000714a00000, 0x0000000714a00000| Untracked 
|  43|0x0000000714c00000, 0x0000000714c00000, 0x0000000714e00000|  0%| F|  |TAMS 0x0000000714c00000, 0x0000000714c00000| Untracked 
|  44|0x0000000714e00000, 0x0000000714e00000, 0x0000000715000000|  0%| F|  |TAMS 0x0000000714e00000, 0x0000000714e00000| Untracked 
|  45|0x0000000715000000, 0x0000000715000000, 0x0000000715200000|  0%| F|  |TAMS 0x0000000715000000, 0x0000000715000000| Untracked 
|  46|0x0000000715200000, 0x0000000715200000, 0x0000000715400000|  0%| F|  |TAMS 0x0000000715200000, 0x0000000715200000| Untracked 
|  47|0x0000000715400000, 0x0000000715400000, 0x0000000715600000|  0%| F|  |TAMS 0x0000000715400000, 0x0000000715400000| Untracked 
|  48|0x0000000715600000, 0x0000000715600000, 0x0000000715800000|  0%| F|  |TAMS 0x0000000715600000, 0x0000000715600000| Untracked 
|  49|0x0000000715800000, 0x0000000715800000, 0x0000000715a00000|  0%| F|  |TAMS 0x0000000715800000, 0x0000000715800000| Untracked 
|  50|0x0000000715a00000, 0x0000000715a00000, 0x0000000715c00000|  0%| F|  |TAMS 0x0000000715a00000, 0x0000000715a00000| Untracked 
|  51|0x0000000715c00000, 0x0000000715c00000, 0x0000000715e00000|  0%| F|  |TAMS 0x0000000715c00000, 0x0000000715c00000| Untracked 
|  52|0x0000000715e00000, 0x0000000715e00000, 0x0000000716000000|  0%| F|  |TAMS 0x0000000715e00000, 0x0000000715e00000| Untracked 
|  53|0x0000000716000000, 0x0000000716000000, 0x0000000716200000|  0%| F|  |TAMS 0x0000000716000000, 0x0000000716000000| Untracked 
|  54|0x0000000716200000, 0x0000000716200000, 0x0000000716400000|  0%| F|  |TAMS 0x0000000716200000, 0x0000000716200000| Untracked 
|  55|0x0000000716400000, 0x0000000716400000, 0x0000000716600000|  0%| F|  |TAMS 0x0000000716400000, 0x0000000716400000| Untracked 
|  56|0x0000000716600000, 0x0000000716600000, 0x0000000716800000|  0%| F|  |TAMS 0x0000000716600000, 0x0000000716600000| Untracked 
|  57|0x0000000716800000, 0x0000000716800000, 0x0000000716a00000|  0%| F|  |TAMS 0x0000000716800000, 0x0000000716800000| Untracked 
|  58|0x0000000716a00000, 0x0000000716a00000, 0x0000000716c00000|  0%| F|  |TAMS 0x0000000716a00000, 0x0000000716a00000| Untracked 
|  59|0x0000000716c00000, 0x0000000716c00000, 0x0000000716e00000|  0%| F|  |TAMS 0x0000000716c00000, 0x0000000716c00000| Untracked 
|  60|0x0000000716e00000, 0x0000000716e00000, 0x0000000717000000|  0%| F|  |TAMS 0x0000000716e00000, 0x0000000716e00000| Untracked 
|  61|0x0000000717000000, 0x0000000717000000, 0x0000000717200000|  0%| F|  |TAMS 0x0000000717000000, 0x0000000717000000| Untracked 
|  62|0x0000000717200000, 0x0000000717200000, 0x0000000717400000|  0%| F|  |TAMS 0x0000000717200000, 0x0000000717200000| Untracked 
|  63|0x0000000717400000, 0x0000000717400000, 0x0000000717600000|  0%| F|  |TAMS 0x0000000717400000, 0x0000000717400000| Untracked 
|  64|0x0000000717600000, 0x0000000717600000, 0x0000000717800000|  0%| F|  |TAMS 0x0000000717600000, 0x0000000717600000| Untracked 
|  65|0x0000000717800000, 0x0000000717800000, 0x0000000717a00000|  0%| F|  |TAMS 0x0000000717800000, 0x0000000717800000| Untracked 
|  66|0x0000000717a00000, 0x0000000717a00000, 0x0000000717c00000|  0%| F|  |TAMS 0x0000000717a00000, 0x0000000717a00000| Untracked 
|  67|0x0000000717c00000, 0x0000000717c00000, 0x0000000717e00000|  0%| F|  |TAMS 0x0000000717c00000, 0x0000000717c00000| Untracked 
|  68|0x0000000717e00000, 0x0000000717e00000, 0x0000000718000000|  0%| F|  |TAMS 0x0000000717e00000, 0x0000000717e00000| Untracked 
|  69|0x0000000718000000, 0x0000000718000000, 0x0000000718200000|  0%| F|  |TAMS 0x0000000718000000, 0x0000000718000000| Untracked 
|  70|0x0000000718200000, 0x0000000718200000, 0x0000000718400000|  0%| F|  |TAMS 0x0000000718200000, 0x0000000718200000| Untracked 
|  71|0x0000000718400000, 0x0000000718400000, 0x0000000718600000|  0%| F|  |TAMS 0x0000000718400000, 0x0000000718400000| Untracked 
|  72|0x0000000718600000, 0x0000000718600000, 0x0000000718800000|  0%| F|  |TAMS 0x0000000718600000, 0x0000000718600000| Untracked 
|  73|0x0000000718800000, 0x0000000718800000, 0x0000000718a00000|  0%| F|  |TAMS 0x0000000718800000, 0x0000000718800000| Untracked 
|  74|0x0000000718a00000, 0x0000000718a00000, 0x0000000718c00000|  0%| F|  |TAMS 0x0000000718a00000, 0x0000000718a00000| Untracked 
|  75|0x0000000718c00000, 0x0000000718c00000, 0x0000000718e00000|  0%| F|  |TAMS 0x0000000718c00000, 0x0000000718c00000| Untracked 
|  76|0x0000000718e00000, 0x0000000718e00000, 0x0000000719000000|  0%| F|  |TAMS 0x0000000718e00000, 0x0000000718e00000| Untracked 
|  77|0x0000000719000000, 0x0000000719000000, 0x0000000719200000|  0%| F|  |TAMS 0x0000000719000000, 0x0000000719000000| Untracked 
|  78|0x0000000719200000, 0x0000000719200000, 0x0000000719400000|  0%| F|  |TAMS 0x0000000719200000, 0x0000000719200000| Untracked 
|  79|0x0000000719400000, 0x0000000719400000, 0x0000000719600000|  0%| F|  |TAMS 0x0000000719400000, 0x0000000719400000| Untracked 
|  80|0x0000000719600000, 0x0000000719600000, 0x0000000719800000|  0%| F|  |TAMS 0x0000000719600000, 0x0000000719600000| Untracked 
|  81|0x0000000719800000, 0x0000000719800000, 0x0000000719a00000|  0%| F|  |TAMS 0x0000000719800000, 0x0000000719800000| Untracked 
|  82|0x0000000719a00000, 0x0000000719a00000, 0x0000000719c00000|  0%| F|  |TAMS 0x0000000719a00000, 0x0000000719a00000| Untracked 
|  83|0x0000000719c00000, 0x0000000719c00000, 0x0000000719e00000|  0%| F|  |TAMS 0x0000000719c00000, 0x0000000719c00000| Untracked 
|  84|0x0000000719e00000, 0x0000000719e00000, 0x000000071a000000|  0%| F|  |TAMS 0x0000000719e00000, 0x0000000719e00000| Untracked 
|  85|0x000000071a000000, 0x000000071a000000, 0x000000071a200000|  0%| F|  |TAMS 0x000000071a000000, 0x000000071a000000| Untracked 
|  86|0x000000071a200000, 0x000000071a200000, 0x000000071a400000|  0%| F|  |TAMS 0x000000071a200000, 0x000000071a200000| Untracked 
|  87|0x000000071a400000, 0x000000071a400000, 0x000000071a600000|  0%| F|  |TAMS 0x000000071a400000, 0x000000071a400000| Untracked 
|  88|0x000000071a600000, 0x000000071a600000, 0x000000071a800000|  0%| F|  |TAMS 0x000000071a600000, 0x000000071a600000| Untracked 
|  89|0x000000071a800000, 0x000000071a800000, 0x000000071aa00000|  0%| F|  |TAMS 0x000000071a800000, 0x000000071a800000| Untracked 
|  90|0x000000071aa00000, 0x000000071aa00000, 0x000000071ac00000|  0%| F|  |TAMS 0x000000071aa00000, 0x000000071aa00000| Untracked 
|  91|0x000000071ac00000, 0x000000071ac00000, 0x000000071ae00000|  0%| F|  |TAMS 0x000000071ac00000, 0x000000071ac00000| Untracked 
|  92|0x000000071ae00000, 0x000000071ae00000, 0x000000071b000000|  0%| F|  |TAMS 0x000000071ae00000, 0x000000071ae00000| Untracked 
|  93|0x000000071b000000, 0x000000071b000000, 0x000000071b200000|  0%| F|  |TAMS 0x000000071b000000, 0x000000071b000000| Untracked 
|  94|0x000000071b200000, 0x000000071b200000, 0x000000071b400000|  0%| F|  |TAMS 0x000000071b200000, 0x000000071b200000| Untracked 
|  95|0x000000071b400000, 0x000000071b400000, 0x000000071b600000|  0%| F|  |TAMS 0x000000071b400000, 0x000000071b400000| Untracked 
|  96|0x000000071b600000, 0x000000071b600000, 0x000000071b800000|  0%| F|  |TAMS 0x000000071b600000, 0x000000071b600000| Untracked 
|  97|0x000000071b800000, 0x000000071b800000, 0x000000071ba00000|  0%| F|  |TAMS 0x000000071b800000, 0x000000071b800000| Untracked 
|  98|0x000000071ba00000, 0x000000071ba00000, 0x000000071bc00000|  0%| F|  |TAMS 0x000000071ba00000, 0x000000071ba00000| Untracked 
|  99|0x000000071bc00000, 0x000000071bc00000, 0x000000071be00000|  0%| F|  |TAMS 0x000000071bc00000, 0x000000071bc00000| Untracked 
| 100|0x000000071be00000, 0x000000071be00000, 0x000000071c000000|  0%| F|  |TAMS 0x000000071be00000, 0x000000071be00000| Untracked 
| 101|0x000000071c000000, 0x000000071c000000, 0x000000071c200000|  0%| F|  |TAMS 0x000000071c000000, 0x000000071c000000| Untracked 
| 102|0x000000071c200000, 0x000000071c200000, 0x000000071c400000|  0%| F|  |TAMS 0x000000071c200000, 0x000000071c200000| Untracked 
| 103|0x000000071c400000, 0x000000071c400000, 0x000000071c600000|  0%| F|  |TAMS 0x000000071c400000, 0x000000071c400000| Untracked 
| 104|0x000000071c600000, 0x000000071c600000, 0x000000071c800000|  0%| F|  |TAMS 0x000000071c600000, 0x000000071c600000| Untracked 
| 105|0x000000071c800000, 0x000000071c800000, 0x000000071ca00000|  0%| F|  |TAMS 0x000000071c800000, 0x000000071c800000| Untracked 
| 106|0x000000071ca00000, 0x000000071ca00000, 0x000000071cc00000|  0%| F|  |TAMS 0x000000071ca00000, 0x000000071ca00000| Untracked 
| 107|0x000000071cc00000, 0x000000071cc00000, 0x000000071ce00000|  0%| F|  |TAMS 0x000000071cc00000, 0x000000071cc00000| Untracked 
| 108|0x000000071ce00000, 0x000000071ce00000, 0x000000071d000000|  0%| F|  |TAMS 0x000000071ce00000, 0x000000071ce00000| Untracked 
| 109|0x000000071d000000, 0x000000071d000000, 0x000000071d200000|  0%| F|  |TAMS 0x000000071d000000, 0x000000071d000000| Untracked 
| 110|0x000000071d200000, 0x000000071d200000, 0x000000071d400000|  0%| F|  |TAMS 0x000000071d200000, 0x000000071d200000| Untracked 
| 111|0x000000071d400000, 0x000000071d400000, 0x000000071d600000|  0%| F|  |TAMS 0x000000071d400000, 0x000000071d400000| Untracked 
| 112|0x000000071d600000, 0x000000071d600000, 0x000000071d800000|  0%| F|  |TAMS 0x000000071d600000, 0x000000071d600000| Untracked 
| 113|0x000000071d800000, 0x000000071d800000, 0x000000071da00000|  0%| F|  |TAMS 0x000000071d800000, 0x000000071d800000| Untracked 
| 114|0x000000071da00000, 0x000000071da00000, 0x000000071dc00000|  0%| F|  |TAMS 0x000000071da00000, 0x000000071da00000| Untracked 
| 115|0x000000071dc00000, 0x000000071dc00000, 0x000000071de00000|  0%| F|  |TAMS 0x000000071dc00000, 0x000000071dc00000| Untracked 
| 116|0x000000071de00000, 0x000000071de00000, 0x000000071e000000|  0%| F|  |TAMS 0x000000071de00000, 0x000000071de00000| Untracked 
| 117|0x000000071e000000, 0x000000071e000000, 0x000000071e200000|  0%| F|  |TAMS 0x000000071e000000, 0x000000071e000000| Untracked 
| 118|0x000000071e200000, 0x000000071e200000, 0x000000071e400000|  0%| F|  |TAMS 0x000000071e200000, 0x000000071e200000| Untracked 
| 119|0x000000071e400000, 0x000000071e400000, 0x000000071e600000|  0%| F|  |TAMS 0x000000071e400000, 0x000000071e400000| Untracked 
| 120|0x000000071e600000, 0x000000071e600000, 0x000000071e800000|  0%| F|  |TAMS 0x000000071e600000, 0x000000071e600000| Untracked 

Card table byte_map: [0x0000762108bf2000,0x0000762109377000] _byte_map_base: 0x0000762105377000

Marking Bits (Prev, Next): (CMBitMap*) 0x0000762104094e20, (CMBitMap*) 0x0000762104094e60
 Prev Bits: [0x00007620eddd8000, 0x00007620f1a00000)
 Next Bits: [0x00007620ea1b0000, 0x00007620eddd8000)

GC Heap History (0 events):
No events

Dll operation events (1 events):
Event: 0.004 Loaded shared library /opt/android-studio/jbr/lib/libjava.so

Deoptimization events (0 events):
No events

Classes unloaded (0 events):
No events

Classes redefined (0 events):
No events

Internal exceptions (0 events):
No events

VM Operations (0 events):
No events

Events (2 events):
Event: 0.003 Protecting memory [0x000076210aa11000,0x000076210aa15000] with protection modes 0
Event: 0.009 loading class java/lang/Object


Dynamic libraries:
00200000-00201000 r--p 00000000 103:03 55075250                          /opt/android-studio/jbr/bin/java
00201000-00202000 r-xp 00000000 103:03 55075250                          /opt/android-studio/jbr/bin/java
00202000-00203000 r--p 00000000 103:03 55075250                          /opt/android-studio/jbr/bin/java
00203000-00204000 rw-p 00000000 103:03 55075250                          /opt/android-studio/jbr/bin/java
0b29e000-0b2e6000 rw-p 00000000 00:00 0                                  [heap]
70f600000-71e800000 rw-p 00000000 00:00 0 
71e800000-800040000 ---p 00000000 00:00 0 
800040000-800050000 rw-p 00000000 00:00 0 
800050000-840000000 ---p 00000000 00:00 0 
7620cc000000-7620cc021000 rw-p 00000000 00:00 0 
7620cc021000-7620d0000000 ---p 00000000 00:00 0 
7620d0000000-7620d0010000 rw-p 00000000 00:00 0 
7620d0010000-7620d4000000 ---p 00000000 00:00 0 
7620d4000000-7620d4021000 rw-p 00000000 00:00 0 
7620d4021000-7620d8000000 ---p 00000000 00:00 0 
7620da763000-7620daa00000 rw-p 00000000 00:00 0 
7620daa00000-7620daa4c000 r--p 00000000 103:03 9838164                   /usr/lib/libcrypto.so.3
7620daa4c000-7620dada2000 r-xp 0004c000 103:03 9838164                   /usr/lib/libcrypto.so.3
7620dada2000-7620dae6b000 r--p 003a2000 103:03 9838164                   /usr/lib/libcrypto.so.3
7620dae6b000-7620daecb000 r--p 0046b000 103:03 9838164                   /usr/lib/libcrypto.so.3
7620daecb000-7620daece000 rw-p 004cb000 103:03 9838164                   /usr/lib/libcrypto.so.3
7620daece000-7620daed1000 rw-p 00000000 00:00 0 
7620daf70000-7620db0c7000 rw-p 00000000 00:00 0 
7620db0c7000-7620db0d3000 r--p 00000000 103:03 9845887                   /usr/lib/libzstd.so.1.5.6
7620db0d3000-7620db193000 r-xp 0000c000 103:03 9845887                   /usr/lib/libzstd.so.1.5.6
7620db193000-7620db1a4000 r--p 000cc000 103:03 9845887                   /usr/lib/libzstd.so.1.5.6
7620db1a4000-7620db1a5000 r--p 000dd000 103:03 9845887                   /usr/lib/libzstd.so.1.5.6
7620db1a5000-7620db1a6000 rw-p 000de000 103:03 9845887                   /usr/lib/libzstd.so.1.5.6
7620db1a6000-7620db1a9000 r--p 00000000 103:03 9845519                   /usr/lib/liblzma.so.5.6.3
7620db1a9000-7620db1cc000 r-xp 00003000 103:03 9845519                   /usr/lib/liblzma.so.5.6.3
7620db1cc000-7620db1d7000 r--p 00026000 103:03 9845519                   /usr/lib/liblzma.so.5.6.3
7620db1d7000-7620db1d8000 r--p 00031000 103:03 9845519                   /usr/lib/liblzma.so.5.6.3
7620db1d8000-7620db1d9000 rw-p 00032000 103:03 9845519                   /usr/lib/liblzma.so.5.6.3
7620db2f3000-7620db2f4000 ---p 00000000 00:00 0 
7620db2f4000-7620db3f4000 rw-p 00000000 00:00 0 
7620db3f4000-7620db3f5000 ---p 00000000 00:00 0 
7620db3f5000-7620dc021000 rw-p 00000000 00:00 0 
7620dc021000-7620e0000000 ---p 00000000 00:00 0 
7620e0000000-7620e0021000 rw-p 00000000 00:00 0 
7620e0021000-7620e4000000 ---p 00000000 00:00 0 
7620e4000000-7620e4021000 rw-p 00000000 00:00 0 
7620e4021000-7620e8000000 ---p 00000000 00:00 0 
7620e800f000-7620e8013000 r--p 00000000 103:03 9859097                   /usr/lib/libzip.so.5.5
7620e8013000-7620e8028000 r-xp 00004000 103:03 9859097                   /usr/lib/libzip.so.5.5
7620e8028000-7620e802c000 r--p 00019000 103:03 9859097                   /usr/lib/libzip.so.5.5
7620e802c000-7620e802d000 r--p 0001d000 103:03 9859097                   /usr/lib/libzip.so.5.5
7620e802d000-7620e802e000 rw-p 0001e000 103:03 9859097                   /usr/lib/libzip.so.5.5
7620e802e000-7620ea578000 rw-p 00000000 00:00 0 
7620ea578000-7620eddd8000 ---p 00000000 00:00 0 
7620eddd8000-7620ee1a0000 rw-p 00000000 00:00 0 
7620ee1a0000-7620f1a00000 ---p 00000000 00:00 0 
7620f1a00000-7620f1c70000 rwxp 00000000 00:00 0 
7620f1c70000-7620f8e5f000 ---p 00000000 00:00 0 
7620f8e5f000-7620f90cf000 rwxp 00000000 00:00 0 
7620f90cf000-7620f95a0000 ---p 00000000 00:00 0 
7620f95a0000-7620f9810000 rwxp 00000000 00:00 0 
7620f9810000-762100a00000 ---p 00000000 00:00 0 
762100a00000-762103ee6000 r--s 00000000 103:03 55075661                  /opt/android-studio/jbr/lib/modules
762103ee6000-762103ee9000 r--p 00000000 103:03 9884269                   /usr/lib/libz.so.1.3.1
762103ee9000-762103ef7000 r-xp 00003000 103:03 9884269                   /usr/lib/libz.so.1.3.1
762103ef7000-762103efd000 r--p 00011000 103:03 9884269                   /usr/lib/libz.so.1.3.1
762103efd000-762103efe000 r--p 00017000 103:03 9884269                   /usr/lib/libz.so.1.3.1
762103efe000-762103eff000 rw-p 00018000 103:03 9884269                   /usr/lib/libz.so.1.3.1
762103eff000-7621041c9000 rw-p 00000000 00:00 0 
7621041c9000-762108000000 ---p 00000000 00:00 0 
762108002000-762108004000 r--p 00000000 103:03 9845802                   /usr/lib/libbz2.so.1.0.8
762108004000-762108011000 r-xp 00002000 103:03 9845802                   /usr/lib/libbz2.so.1.0.8
762108011000-762108013000 r--p 0000f000 103:03 9845802                   /usr/lib/libbz2.so.1.0.8
762108013000-762108014000 r--p 00010000 103:03 9845802                   /usr/lib/libbz2.so.1.0.8
762108014000-762108015000 rw-p 00011000 103:03 9845802                   /usr/lib/libbz2.so.1.0.8
762108015000-7621080b1000 rw-p 00000000 00:00 0 
7621080b1000-7621080b2000 ---p 00000000 00:00 0 
7621080b2000-7621081b2000 rw-p 00000000 00:00 0 
7621081b2000-7621081b3000 ---p 00000000 00:00 0 
7621081b3000-7621082b3000 rw-p 00000000 00:00 0 
7621082b3000-7621082b4000 ---p 00000000 00:00 0 
7621082b4000-7621084e6000 rw-p 00000000 00:00 0 
7621084e6000-762108bf2000 ---p 00000000 00:00 0 
762108bf2000-762108c6b000 rw-p 00000000 00:00 0 
762108c6b000-762109377000 ---p 00000000 00:00 0 
762109377000-7621093f0000 rw-p 00000000 00:00 0 
7621093f0000-762109afc000 ---p 00000000 00:00 0 
762109afc000-76210a80e000 rw-p 00000000 00:00 0 
76210a80e000-76210a8f2000 ---p 00000000 00:00 0 
76210a8f2000-76210a8f7000 rw-p 00000000 00:00 0 
76210a8f7000-76210a9db000 ---p 00000000 00:00 0 
76210a9db000-76210a9e0000 rw-p 00000000 00:00 0 
76210a9e0000-76210a9ea000 ---p 00000000 00:00 0 
76210a9ea000-76210a9fc000 r--p 00000000 103:03 55075639                  /opt/android-studio/jbr/lib/libjava.so
76210a9fc000-76210aa0e000 r-xp 00011000 103:03 55075639                  /opt/android-studio/jbr/lib/libjava.so
76210aa0e000-76210aa0f000 r--p 00022000 103:03 55075639                  /opt/android-studio/jbr/lib/libjava.so
76210aa0f000-76210aa11000 rw-p 00022000 103:03 55075639                  /opt/android-studio/jbr/lib/libjava.so
76210aa11000-76210aa15000 ---p 00000000 00:00 0 
76210aa15000-76210ab11000 rw-p 00000000 00:00 0 
76210ab11000-76210ab1f000 r--p 00000000 103:03 9833859                   /usr/lib/libm.so.6
76210ab1f000-76210aba2000 r-xp 0000e000 103:03 9833859                   /usr/lib/libm.so.6
76210aba2000-76210abfe000 r--p 00091000 103:03 9833859                   /usr/lib/libm.so.6
76210abfe000-76210abff000 r--p 000ec000 103:03 9833859                   /usr/lib/libm.so.6
76210abff000-76210ac00000 rw-p 000ed000 103:03 9833859                   /usr/lib/libm.so.6
76210ac00000-76210b137000 r--p 00000000 103:03 55075669                  /opt/android-studio/jbr/lib/server/libjvm.so
76210b137000-76210bd0f000 r-xp 00536000 103:03 55075669                  /opt/android-studio/jbr/lib/server/libjvm.so
76210bd0f000-76210bdd1000 r--p 0110d000 103:03 55075669                  /opt/android-studio/jbr/lib/server/libjvm.so
76210bdd1000-76210bdfa000 rw-p 011ce000 103:03 55075669                  /opt/android-studio/jbr/lib/server/libjvm.so
76210bdfa000-76210be6e000 rw-p 00000000 00:00 0 
76210be76000-76210be7e000 rw-s 00000000 00:25 1118                       /tmp/hsperfdata_prezes/140077
76210be7e000-76210be7f000 ---p 00000000 00:00 0 
76210be7f000-76210be80000 r--p 00000000 00:00 0 
76210be80000-76210be81000 ---p 00000000 00:00 0 
76210be81000-76210be8c000 r--p 00000000 103:03 55075643                  /opt/android-studio/jbr/lib/libjimage.so
76210be8c000-76210bea1000 r-xp 0000a000 103:03 55075643                  /opt/android-studio/jbr/lib/libjimage.so
76210bea1000-76210bea3000 r--p 0001e000 103:03 55075643                  /opt/android-studio/jbr/lib/libjimage.so
76210bea3000-76210bea4000 rw-p 0001f000 103:03 55075643                  /opt/android-studio/jbr/lib/libjimage.so
76210bea4000-76210bea5000 r--p 00000000 103:03 9833892                   /usr/lib/librt.so.1
76210bea5000-76210bea6000 r-xp 00001000 103:03 9833892                   /usr/lib/librt.so.1
76210bea6000-76210bea7000 r--p 00002000 103:03 9833892                   /usr/lib/librt.so.1
76210bea7000-76210bea8000 r--p 00002000 103:03 9833892                   /usr/lib/librt.so.1
76210bea8000-76210bea9000 rw-p 00003000 103:03 9833892                   /usr/lib/librt.so.1
76210bea9000-76210beab000 rw-p 00000000 00:00 0 
76210beab000-76210becf000 r--p 00000000 103:03 9833835                   /usr/lib/libc.so.6
76210becf000-76210c040000 r-xp 00024000 103:03 9833835                   /usr/lib/libc.so.6
76210c040000-76210c08e000 r--p 00195000 103:03 9833835                   /usr/lib/libc.so.6
76210c08e000-76210c092000 r--p 001e3000 103:03 9833835                   /usr/lib/libc.so.6
76210c092000-76210c094000 rw-p 001e7000 103:03 9833835                   /usr/lib/libc.so.6
76210c094000-76210c09c000 rw-p 00000000 00:00 0 
76210c09c000-76210c09d000 r--p 00000000 103:03 9833850                   /usr/lib/libdl.so.2
76210c09d000-76210c09e000 r-xp 00001000 103:03 9833850                   /usr/lib/libdl.so.2
76210c09e000-76210c09f000 r--p 00002000 103:03 9833850                   /usr/lib/libdl.so.2
76210c09f000-76210c0a0000 r--p 00002000 103:03 9833850                   /usr/lib/libdl.so.2
76210c0a0000-76210c0a1000 rw-p 00003000 103:03 9833850                   /usr/lib/libdl.so.2
76210c0a1000-76210c0a2000 r--p 00000000 103:03 9833887                   /usr/lib/libpthread.so.0
76210c0a2000-76210c0a3000 r-xp 00001000 103:03 9833887                   /usr/lib/libpthread.so.0
76210c0a3000-76210c0a4000 r--p 00002000 103:03 9833887                   /usr/lib/libpthread.so.0
76210c0a4000-76210c0a5000 r--p 00002000 103:03 9833887                   /usr/lib/libpthread.so.0
76210c0a5000-76210c0a6000 rw-p 00003000 103:03 9833887                   /usr/lib/libpthread.so.0
76210c0a6000-76210c0af000 r--p 00000000 103:03 55075644                  /opt/android-studio/jbr/lib/libjli.so
76210c0af000-76210c0be000 r-xp 00008000 103:03 55075644                  /opt/android-studio/jbr/lib/libjli.so
76210c0be000-76210c0bf000 r--p 00016000 103:03 55075644                  /opt/android-studio/jbr/lib/libjli.so
76210c0bf000-76210c0c0000 rw-p 00016000 103:03 55075644                  /opt/android-studio/jbr/lib/libjli.so
76210c0c0000-76210c0c2000 rw-p 00000000 00:00 0 
76210c0c2000-76210c0c3000 r--p 00000000 103:03 9833793                   /usr/lib/ld-linux-x86-64.so.2
76210c0c3000-76210c0ec000 r-xp 00001000 103:03 9833793                   /usr/lib/ld-linux-x86-64.so.2
76210c0ec000-76210c0f6000 r--p 0002a000 103:03 9833793                   /usr/lib/ld-linux-x86-64.so.2
76210c0f6000-76210c0f8000 r--p 00034000 103:03 9833793                   /usr/lib/ld-linux-x86-64.so.2
76210c0f8000-76210c0fa000 rw-p 00036000 103:03 9833793                   /usr/lib/ld-linux-x86-64.so.2
7fff35995000-7fff359b6000 rw-p 00000000 00:00 0                          [stack]
7fff359eb000-7fff359ef000 r--p 00000000 00:00 0                          [vvar]
7fff359ef000-7fff359f1000 r-xp 00000000 00:00 0                          [vdso]
ffffffffff600000-ffffffffff601000 --xp 00000000 00:00 0                  [vsyscall]


VM Arguments:
jvm_args: -Dapp.name=ltex-ls -Dapp.pid=140077 -Dapp.repo=/home/prezes/.local/share/nvim/mason/packages/ltex-ls/ltex-ls-16.0.0/lib -Dapp.home=/home/prezes/.local/share/nvim/mason/packages/ltex-ls/ltex-ls-16.0.0 -Dbasedir=/home/prezes/.local/share/nvim/mason/packages/ltex-ls/ltex-ls-16.0.0 
java_command: org.bsplines.ltexls.LtexLanguageServerLauncher
java_class_path (initial): /home/prezes/.local/share/nvim/mason/packages/ltex-ls/ltex-ls-16.0.0/etc:/home/prezes/.local/share/nvim/mason/packages/ltex-ls/ltex-ls-16.0.0/lib/failureaccess-1.0.1.jar:/home/prezes/.local/share/nvim/mason/packages/ltex-ls/ltex-ls-16.0.0/lib/spanish-pos-dict-1.9.jar:/home/prezes/.local/share/nvim/mason/packages/ltex-ls/ltex-ls-16.0.0/lib/commons-digester-2.1.jar:/home/prezes/.local/share/nvim/mason/packages/ltex-ls/ltex-ls-16.0.0/lib/org.eclipse.xtend.lib.macro-2.28.0.jar:/home/prezes/.local/share/nvim/mason/packages/ltex-ls/ltex-ls-16.0.0/lib/lspcli-1.0.3.jar:/home/prezes/.local/share/nvim/mason/packages/ltex-ls/ltex-ls-16.0.0/lib/jsr305-3.0.2.jar:/home/prezes/.local/share/nvim/mason/packages/ltex-ls/ltex-ls-16.0.0/lib/hunspell-2.1.1.jar:/home/prezes/.local/share/nvim/mason/packages/ltex-ls/ltex-ls-16.0.0/lib/grpc-context-1.50.2.jar:/home/prezes/.local/share/nvim/mason/packages/ltex-ls/ltex-ls-16.0.0/lib/language-eo-6.0.jar:/home/prezes/.local/share/nvim/mason/packages/ltex-ls/ltex-ls-16.0.0/lib/grpc-core-1.50.2.jar:/home/prezes/.local/share/nvim/mason/packages/ltex-ls/ltex-ls-16.0.0/lib/language-ta-6.0.jar:/home/prezes/.local/share/nvim/mason/packages/ltex-ls/ltex-ls-16.0.0/lib/guava-27.1-jre.jar:/home/prezes/.local/share/nvim/mason/packages/ltex-ls/ltex-ls-16.0.0/lib/jwordsplitter-4.5.jar:/home/prezes/.local/share/nvim/mason/packages/ltex-ls/ltex-ls-16.0.0/lib/org.eclipse.xtend.lib-2.24.0.jar:/home/prezes/.local/share/nvim/mason/packages/ltex-ls/ltex-ls-16.0.0/lib/vavr-match-0.10.2.jar:/home/prezes/.local/share/nvim/mason/packages/ltex-ls/ltex-ls-16.0.0/lib/icu4j-70.1.jar:/home/prezes/.local/share/nvim/mason/packages/ltex-ls/ltex-ls-16.0.0/lib/slf4j-api-1.7.30.jar:/home/prezes/.local/share/nvim/mason/packages/ltex-ls/ltex-ls-16.0.0/lib/jna-platform-5.12.1.jar:/home/prezes/.local/share/nvim/mason/packages/ltex-ls/ltex-ls-16.0.0/lib/language-de-6.0.jar:/home/prezes/.local/share/nvim/mason/packages/ltex-ls/ltex-ls-16.0.0/lib/trove4j-1.0
Launcher Type: SUN_STANDARD

[Global flags]
     intx CICompilerCount                          = 12                                        {product} {ergonomic}
     uint ConcGCThreads                            = 3                                         {product} {ergonomic}
     uint G1ConcRefinementThreads                  = 13                                        {product} {ergonomic}
   size_t G1HeapRegionSize                         = 2097152                                   {product} {ergonomic}
    uintx GCDrainStackTargetSize                   = 64                                        {product} {ergonomic}
   size_t InitialHeapSize                          = 253755392                                 {product} {ergonomic}
   size_t MarkStackSize                            = 4194304                                   {product} {ergonomic}
   size_t MaxHeapSize                              = 4037017600                                {product} {ergonomic}
   size_t MaxNewSize                               = 2422210560                                {product} {ergonomic}
   size_t MinHeapDeltaBytes                        = 2097152                                   {product} {ergonomic}
   size_t MinHeapSize                              = 8388608                                   {product} {ergonomic}
    uintx NonNMethodCodeHeapSize                   = 7602480                                {pd product} {ergonomic}
    uintx NonProfiledCodeHeapSize                  = 122027880                              {pd product} {ergonomic}
    uintx ProfiledCodeHeapSize                     = 122027880                              {pd product} {ergonomic}
    uintx ReservedCodeCacheSize                    = 251658240                              {pd product} {ergonomic}
     bool SegmentedCodeCache                       = true                                      {product} {ergonomic}
   size_t SoftMaxHeapSize                          = 4037017600                             {manageable} {ergonomic}
     bool UseCompressedClassPointers               = true                           {product lp64_product} {ergonomic}
     bool UseCompressedOops                        = true                           {product lp64_product} {ergonomic}
     bool UseG1GC                                  = true                                      {product} {ergonomic}

Logging:
Log output configuration:
 #0: stdout all=warning uptime,level,tags
 #1: stderr all=off uptime,level,tags

Environment Variables:
JAVA_HOME=/opt/android-studio/jbr
PATH=/home/prezes/.local/share/nvim/mason/bin:/home/prezes/.fly/bin:/home/prezes/.opam/default/bin:/home/prezes/.local/bin:/home/prezes/.ghcup/bin:/home/prezes/.local/share/nvim/distant.nvim/bin:/home/prezes/.bun/bin:/home/prezes/bin:/home/prezes/Code/go/bin:/home/prezes/.config/composer/vendor/bin:/home/prezes/.local/bin:/home/prezes/.cargo/bin:/usr/local/sbin:/usr/local/bin:/usr/bin:/home/prezes/.cache/zsh4humans/v5/fzf/bin:/home/prezes/Android/Sdk/emulator:/home/prezes/Android/Sdk/platform-tools:/home/prezes/Android/Sdk/cmdline-tools/10.0/bin
LD_LIBRARY_PATH=/usr/local/lib:/usr/lib
SHELL=/usr/local/bin/zsh
DISPLAY=:0
LC_CTYPE=C.UTF-8
TERM=xterm-kitty

Active Locale:
LC_ALL=C
LC_COLLATE=C
LC_CTYPE=C
LC_MESSAGES=C
LC_MONETARY=C
LC_NUMERIC=C
LC_TIME=C

Signal Handlers:
   SIGSEGV: crash_handler in libjvm.so, mask=11100100010111111101111111111110, flags=SA_RESTART|SA_SIGINFO, unblocked
    SIGBUS: crash_handler in libjvm.so, mask=11100100010111111101111111111110, flags=SA_RESTART|SA_SIGINFO, unblocked
    SIGFPE: crash_handler in libjvm.so, mask=11100100010111111101111111111110, flags=SA_RESTART|SA_SIGINFO, unblocked
   SIGPIPE: javaSignalHandler in libjvm.so, mask=11100100010111111101111111111110, flags=SA_RESTART|SA_SIGINFO, blocked
   SIGXFSZ: javaSignalHandler in libjvm.so, mask=11100100010111111101111111111110, flags=SA_RESTART|SA_SIGINFO, blocked
    SIGILL: crash_handler in libjvm.so, mask=11100100010111111101111111111110, flags=SA_RESTART|SA_SIGINFO, unblocked
   SIGUSR2: SR_handler in libjvm.so, mask=00000000000000000000000000000000, flags=SA_RESTART|SA_SIGINFO, blocked
    SIGHUP: SIG_DFL, mask=00000000000000000000000000000000, flags=none, blocked
    SIGINT: SIG_DFL, mask=00000000000000000000000000000000, flags=none, blocked
   SIGTERM: SIG_DFL, mask=00000000000000000000000000000000, flags=none, blocked
   SIGQUIT: UserHandler in libjvm.so, mask=11100100010111111101111111111110, flags=SA_RESTART|SA_SIGINFO, blocked
   SIGTRAP: crash_handler in libjvm.so, mask=11100100010111111101111111111110, flags=SA_RESTART|SA_SIGINFO, unblocked


Periodic native trim disabled

JNI global refs:
JNI global refs: 0, weak refs: 0

JNI global refs memory usage: 0, weak refs: 0

OOME stack traces (most recent first):
Classloader memory used:
Loader bootstrap                                                                       : 557B


---------------  S Y S T E M  ---------------

OS:
DISTRIB_ID="Arch"
DISTRIB_RELEASE="rolling"
DISTRIB_DESCRIPTION="Arch Linux"
uname: Linux 6.6.52-1-lts #1 SMP PREEMPT_DYNAMIC Wed, 18 Sep 2024 19:02:04 +0000 x86_64
OS uptime: 0 days 9:26 hours
libc: glibc 2.40 NPTL 2.40 
rlimit (soft/hard): STACK 8192k/infinity , CORE infinity/infinity , NPROC 61410/61410 , NOFILE 524288/524288 , AS infinity/infinity , CPU infinity/infinity , DATA infinity/infinity , FSIZE infinity/infinity , MEMLOCK infinity/infinity
load average: 0.46 0.51 0.71

/proc/meminfo:
MemTotal:       15761476 kB
MemFree:         2267312 kB
MemAvailable:    7056468 kB
Buffers:          528492 kB
Cached:          4542336 kB
SwapCached:            0 kB
Active:          8823848 kB
Inactive:        2577344 kB
Active(anon):    6489776 kB
Inactive(anon):        0 kB
Active(file):    2334072 kB
Inactive(file):  2577344 kB
Unevictable:           0 kB
Mlocked:               0 kB
SwapTotal:       2097148 kB
SwapFree:        2097148 kB
Zswap:                 0 kB
Zswapped:              0 kB
Dirty:               164 kB
Writeback:             0 kB
AnonPages:       6115448 kB
Mapped:          1068400 kB
Shmem:            158764 kB
KReclaimable:     247312 kB
Slab:             409708 kB
SReclaimable:     247312 kB
SUnreclaim:       162396 kB
KernelStack:       25636 kB
PageTables:        65120 kB
SecPageTables:         0 kB
NFS_Unstable:          0 kB
Bounce:                0 kB
WritebackTmp:          0 kB
CommitLimit:     9977884 kB
Committed_AS:   13206728 kB
VmallocTotal:   34359738367 kB
VmallocUsed:      190784 kB
VmallocChunk:          0 kB
Percpu:            14976 kB
HardwareCorrupted:     0 kB
AnonHugePages:    911360 kB
ShmemHugePages:        0 kB
ShmemPmdMapped:        0 kB
FileHugePages:    319488 kB
FilePmdMapped:    208896 kB
CmaTotal:              0 kB
CmaFree:               0 kB
Unaccepted:            0 kB
HugePages_Total:       0
HugePages_Free:        0
HugePages_Rsvd:        0
HugePages_Surp:        0
Hugepagesize:       2048 kB
Hugetlb:               0 kB
DirectMap4k:     1832836 kB
DirectMap2M:    13271040 kB
DirectMap1G:     1048576 kB

/sys/kernel/mm/transparent_hugepage/enabled: [always] madvise never
/sys/kernel/mm/transparent_hugepage/defrag (defrag/compaction efforts parameter): always defer defer+madvise [madvise] never

Process Memory:
Virtual Size: 5998816K (peak: 5998816K)
Resident Set Size: 24284K (peak: 24284K) (anon: 9436K, file: 14848K, shmem: 0K)
Swapped out: 0K
C-Heap outstanding allocations: 33941K, retained: 770K
glibc malloc tunables: (default)

/proc/sys/kernel/threads-max (system-wide limit on the number of threads): 122820
/proc/sys/vm/max_map_count (maximum number of memory map areas a process may have): 1048576
/proc/sys/kernel/pid_max (system-wide limit on number of process identifiers): 4194304

container (cgroup) information:
container_type: cgroupv2
cpu_cpuset_cpus: not supported
cpu_memory_nodes: not supported
active_processor_count: 16
cpu_quota: no quota
cpu_period: 100000
cpu_shares: no shares
memory_limit_in_bytes: unlimited
memory_and_swap_limit_in_bytes: unlimited
memory_soft_limit_in_bytes: unlimited
memory_usage_in_bytes: 8484668 k
memory_max_usage_in_bytes: not supported
memory_swap_current_in_bytes: unlimited
memory_swap_max_limit_in_bytes: unlimited
maximum number of tasks: unlimited
current number of tasks: 954

Steal ticks since vm start: 0
Steal ticks percentage since vm start:  0.000

CPU: total 16 (initial active 16) (16 cores per cpu, 2 threads per core) family 25 model 80 stepping 0 microcode 0xa50000c, cx8, cmov, fxsr, ht, mmx, 3dnowpref, sse, sse2, sse3, ssse3, sse4a, sse4.1, sse4.2, popcnt, lzcnt, tsc, tscinvbit, avx, avx2, aes, erms, clmul, bmi1, bmi2, adx, sha, fma, vzeroupper, clflush, clflushopt
CPU Model and flags from /proc/cpuinfo:
model name	: AMD Ryzen 7 5800H with Radeon Graphics
flags		: fpu vme de pse tsc msr pae mce cx8 apic sep mtrr pge mca cmov pat pse36 clflush mmx fxsr sse sse2 ht syscall nx mmxext fxsr_opt pdpe1gb rdtscp lm constant_tsc rep_good nopl nonstop_tsc cpuid extd_apicid aperfmperf rapl pni pclmulqdq monitor ssse3 fma cx16 sse4_1 sse4_2 movbe popcnt aes xsave avx f16c rdrand lahf_lm cmp_legacy svm extapic cr8_legacy abm sse4a misalignsse 3dnowprefetch osvw ibs skinit wdt tce topoext perfctr_core perfctr_nb bpext perfctr_llc mwaitx cpb cat_l3 cdp_l3 hw_pstate ssbd mba ibrs ibpb stibp vmmcall fsgsbase bmi1 avx2 smep bmi2 erms invpcid cqm rdt_a rdseed adx smap clflushopt clwb sha_ni xsaveopt xsavec xgetbv1 xsaves cqm_llc cqm_occup_llc cqm_mbm_total cqm_mbm_local user_shstk clzero irperf xsaveerptr rdpru wbnoinvd cppc arat npt lbrv svm_lock nrip_save tsc_scale vmcb_clean flushbyasid decodeassists pausefilter pfthreshold avic v_vmsave_vmload vgif v_spec_ctrl umip pku ospke vaes vpclmulqdq rdpid overflow_recov succor smca fsrm debug_swap

Online cpus: 0-15
Offline cpus: 
BIOS frequency limitation: <Not Available>
Frequency switch latency (ns): 0
Available cpu frequencies: <Not Available>
Current governor: powersave
Core performance/turbo boost: <Not Available>

Memory: 4k page, physical 15761476k(2267312k free), swap 2097148k(2097148k free)
Page Sizes: 4k

vm_info: OpenJDK 64-Bit Server VM (17.0.9+0-17.0.9b1087.7-11185874) for linux-amd64 JRE (17.0.9+0-17.0.9b1087.7-11185874), built on Dec  6 2023 18:35:35 by "androidbuild" with clang Android (8508608, based on r450784e) Clang 14.0.7 (https://android.googlesource.com/toolchain/llvm-project 4c603efb0cca074e9238af8b4106c30add4418f6)

END.
